{"/Users/dsegal/webdev/qp_mw/index.js":{"path":"/Users/dsegal/webdev/qp_mw/index.js","s":{"1":1,"2":0,"3":0,"4":0,"5":0,"6":0,"7":0,"8":0,"9":0,"10":0,"11":0,"12":0,"13":0,"14":0,"15":0,"16":0,"17":0,"18":0,"19":0,"20":0,"21":0,"22":0,"23":0,"24":0,"25":0,"26":0,"27":0},"b":{"1":[0,0],"2":[0,0],"3":[0,0],"4":[0,0]},"f":{"1":0,"2":0,"3":0,"4":0,"5":0,"6":0,"7":0},"fnMap":{"1":{"name":"(anonymous_1)","line":15,"loc":{"start":{"line":15,"column":17},"end":{"line":15,"column":45}}},"2":{"name":"(anonymous_2)","line":29,"loc":{"start":{"line":29,"column":37},"end":{"line":29,"column":51}}},"3":{"name":"(anonymous_3)","line":33,"loc":{"start":{"line":33,"column":32},"end":{"line":33,"column":46}}},"4":{"name":"(anonymous_4)","line":34,"loc":{"start":{"line":34,"column":35},"end":{"line":34,"column":48}}},"5":{"name":"(anonymous_5)","line":38,"loc":{"start":{"line":38,"column":26},"end":{"line":38,"column":40}}},"6":{"name":"(anonymous_6)","line":39,"loc":{"start":{"line":39,"column":35},"end":{"line":39,"column":48}}},"7":{"name":"(anonymous_7)","line":43,"loc":{"start":{"line":43,"column":27},"end":{"line":43,"column":40}}}},"statementMap":{"1":{"start":{"line":15,"column":0},"end":{"line":56,"column":2}},"2":{"start":{"line":17,"column":2},"end":{"line":19,"column":3}},"3":{"start":{"line":18,"column":4},"end":{"line":18,"column":18}},"4":{"start":{"line":21,"column":2},"end":{"line":21,"column":26}},"5":{"start":{"line":22,"column":2},"end":{"line":22,"column":19}},"6":{"start":{"line":23,"column":2},"end":{"line":23,"column":50}},"7":{"start":{"line":24,"column":2},"end":{"line":27,"column":3}},"8":{"start":{"line":25,"column":4},"end":{"line":25,"column":51}},"9":{"start":{"line":26,"column":4},"end":{"line":26,"column":23}},"10":{"start":{"line":29,"column":2},"end":{"line":31,"column":4}},"11":{"start":{"line":30,"column":4},"end":{"line":30,"column":54}},"12":{"start":{"line":33,"column":2},"end":{"line":36,"column":4}},"13":{"start":{"line":34,"column":4},"end":{"line":34,"column":80}},"14":{"start":{"line":34,"column":50},"end":{"line":34,"column":76}},"15":{"start":{"line":35,"column":4},"end":{"line":35,"column":31}},"16":{"start":{"line":38,"column":2},"end":{"line":41,"column":4}},"17":{"start":{"line":39,"column":4},"end":{"line":39,"column":79}},"18":{"start":{"line":39,"column":50},"end":{"line":39,"column":76}},"19":{"start":{"line":40,"column":4},"end":{"line":40,"column":31}},"20":{"start":{"line":43,"column":2},"end":{"line":54,"column":5}},"21":{"start":{"line":44,"column":4},"end":{"line":44,"column":25}},"22":{"start":{"line":45,"column":4},"end":{"line":47,"column":5}},"23":{"start":{"line":46,"column":6},"end":{"line":46,"column":35}},"24":{"start":{"line":49,"column":4},"end":{"line":51,"column":5}},"25":{"start":{"line":50,"column":6},"end":{"line":50,"column":41}},"26":{"start":{"line":53,"column":4},"end":{"line":53,"column":73}},"27":{"start":{"line":55,"column":2},"end":{"line":55,"column":37}}},"branchMap":{"1":{"line":17,"type":"if","locations":[{"start":{"line":17,"column":2},"end":{"line":17,"column":2}},{"start":{"line":17,"column":2},"end":{"line":17,"column":2}}]},"2":{"line":24,"type":"if","locations":[{"start":{"line":24,"column":2},"end":{"line":24,"column":2}},{"start":{"line":24,"column":2},"end":{"line":24,"column":2}}]},"3":{"line":45,"type":"if","locations":[{"start":{"line":45,"column":4},"end":{"line":45,"column":4}},{"start":{"line":45,"column":4},"end":{"line":45,"column":4}}]},"4":{"line":49,"type":"if","locations":[{"start":{"line":49,"column":4},"end":{"line":49,"column":4}},{"start":{"line":49,"column":4},"end":{"line":49,"column":4}}]}}}}